<?xml version="1.0" encoding="UTF-8"?>
<coverage generated="1684152565618" clover="3.2.0">
  <project timestamp="1684152565618" name="All files">
    <metrics statements="78" coveredstatements="63" conditionals="35" coveredconditionals="22" methods="24" coveredmethods="18" elements="137" coveredelements="103" complexity="0" loc="78" ncloc="78" packages="4" files="19" classes="19"/>
    <package name="src">
      <metrics statements="4" coveredstatements="4" conditionals="0" coveredconditionals="0" methods="2" coveredmethods="2"/>
      <file name="App.jsx" path="C:\Users\deepthi\Desktop\Back country\bc-cms-rewrite-react\src\App.jsx">
        <metrics statements="4" coveredstatements="4" conditionals="0" coveredconditionals="0" methods="2" coveredmethods="2"/>
        <line num="6" count="3" type="stmt"/>
        <line num="7" count="3" type="stmt"/>
        <line num="8" count="3" type="stmt"/>
        <line num="19" count="1" type="stmt"/>
      </file>
    </package>
    <package name="src.components">
      <metrics statements="48" coveredstatements="40" conditionals="31" coveredconditionals="20" methods="19" coveredmethods="14"/>
      <file name="GlobalSearch.jsx" path="C:\Users\deepthi\Desktop\Back country\bc-cms-rewrite-react\src\components\GlobalSearch.jsx">
        <metrics statements="1" coveredstatements="1" conditionals="0" coveredconditionals="0" methods="1" coveredmethods="1"/>
        <line num="3" count="2" type="stmt"/>
      </file>
      <file name="NavBar.jsx" path="C:\Users\deepthi\Desktop\Back country\bc-cms-rewrite-react\src\components\NavBar.jsx">
        <metrics statements="8" coveredstatements="7" conditionals="6" coveredconditionals="5" methods="3" coveredmethods="2"/>
        <line num="9" count="3" type="stmt"/>
        <line num="10" count="3" type="stmt"/>
        <line num="11" count="3" type="stmt"/>
        <line num="12" count="3" type="stmt"/>
        <line num="13" count="3" type="stmt"/>
        <line num="14" count="0" type="stmt"/>
        <line num="17" count="3" type="stmt"/>
        <line num="27" count="1" type="stmt"/>
      </file>
      <file name="NormalizationDashboard.jsx" path="C:\Users\deepthi\Desktop\Back country\bc-cms-rewrite-react\src\components\NormalizationDashboard.jsx">
        <metrics statements="1" coveredstatements="1" conditionals="0" coveredconditionals="0" methods="1" coveredmethods="1"/>
        <line num="8" count="1" type="stmt"/>
      </file>
      <file name="StatusBarsForNormalization.jsx" path="C:\Users\deepthi\Desktop\Back country\bc-cms-rewrite-react\src\components\StatusBarsForNormalization.jsx">
        <metrics statements="1" coveredstatements="1" conditionals="0" coveredconditionals="0" methods="1" coveredmethods="1"/>
        <line num="8" count="2" type="stmt"/>
      </file>
      <file name="Table.jsx" path="C:\Users\deepthi\Desktop\Back country\bc-cms-rewrite-react\src\components\Table.jsx">
        <metrics statements="6" coveredstatements="6" conditionals="0" coveredconditionals="0" methods="2" coveredmethods="1"/>
        <line num="9" count="1" type="stmt"/>
        <line num="16" count="1" type="stmt"/>
        <line num="17" count="1" type="stmt"/>
        <line num="27" count="1" type="stmt"/>
        <line num="44" count="1" type="stmt"/>
        <line num="52" count="1" type="stmt"/>
      </file>
      <file name="WriterDashBoardTabs.jsx" path="C:\Users\deepthi\Desktop\Back country\bc-cms-rewrite-react\src\components\WriterDashBoardTabs.jsx">
        <metrics statements="20" coveredstatements="15" conditionals="18" coveredconditionals="8" methods="7" coveredmethods="6"/>
        <line num="6" count="10" type="stmt"/>
        <line num="7" count="10" type="stmt"/>
        <line num="8" count="10" type="stmt"/>
        <line num="9" count="10" type="stmt"/>
        <line num="10" count="10" type="stmt"/>
        <line num="11" count="3" type="cond" truecount="1" falsecount="1"/>
        <line num="12" count="0" type="stmt"/>
        <line num="14" count="3" type="cond" truecount="1" falsecount="1"/>
        <line num="15" count="0" type="stmt"/>
        <line num="17" count="3" type="cond" truecount="1" falsecount="1"/>
        <line num="18" count="0" type="stmt"/>
        <line num="20" count="3" type="cond" truecount="1" falsecount="1"/>
        <line num="21" count="0" type="stmt"/>
        <line num="25" count="10" type="stmt"/>
        <line num="26" count="5" type="stmt"/>
        <line num="29" count="10" type="stmt"/>
        <line num="35" count="0" type="stmt"/>
        <line num="48" count="1" type="stmt"/>
        <line num="60" count="1" type="stmt"/>
        <line num="72" count="1" type="stmt"/>
      </file>
      <file name="menuChooser.jsx" path="C:\Users\deepthi\Desktop\Back country\bc-cms-rewrite-react\src\components\menuChooser.jsx">
        <metrics statements="11" coveredstatements="9" conditionals="7" coveredconditionals="7" methods="4" coveredmethods="2"/>
        <line num="11" count="1" type="stmt"/>
        <line num="14" count="3" type="stmt"/>
        <line num="15" count="3" type="stmt"/>
        <line num="16" count="3" type="stmt"/>
        <line num="17" count="3" type="stmt"/>
        <line num="19" count="3" type="stmt"/>
        <line num="20" count="2" type="stmt"/>
        <line num="21" count="2" type="stmt"/>
        <line num="24" count="3" type="stmt"/>
        <line num="38" count="0" type="stmt"/>
        <line num="65" count="0" type="stmt"/>
      </file>
    </package>
    <package name="src.hooks">
      <metrics statements="16" coveredstatements="9" conditionals="4" coveredconditionals="2" methods="3" coveredmethods="2"/>
      <file name="useSessionStorage.js" path="C:\Users\deepthi\Desktop\Back country\bc-cms-rewrite-react\src\hooks\useSessionStorage.js">
        <metrics statements="16" coveredstatements="9" conditionals="4" coveredconditionals="2" methods="3" coveredmethods="2"/>
        <line num="3" count="5" type="stmt"/>
        <line num="4" count="13" type="stmt"/>
        <line num="5" count="7" type="stmt"/>
        <line num="6" count="7" type="stmt"/>
        <line num="8" count="7" type="cond" truecount="1" falsecount="1"/>
        <line num="9" count="0" type="stmt"/>
        <line num="11" count="7" type="cond" truecount="1" falsecount="1"/>
        <line num="12" count="0" type="stmt"/>
        <line num="13" count="0" type="stmt"/>
        <line num="15" count="7" type="stmt"/>
        <line num="18" count="0" type="stmt"/>
        <line num="22" count="13" type="stmt"/>
        <line num="23" count="0" type="stmt"/>
        <line num="24" count="0" type="stmt"/>
        <line num="26" count="0" type="stmt"/>
        <line num="29" count="13" type="stmt"/>
      </file>
    </package>
    <package name="src.logos">
      <metrics statements="10" coveredstatements="10" conditionals="0" coveredconditionals="0" methods="0" coveredmethods="0"/>
      <file name="Assigned.svg" path="C:\Users\deepthi\Desktop\Back country\bc-cms-rewrite-react\src\logos\Assigned.svg">
        <metrics statements="1" coveredstatements="1" conditionals="0" coveredconditionals="0" methods="0" coveredmethods="0"/>
        <line num="1" count="2" type="stmt"/>
      </file>
      <file name="BackCountry-logo.svg" path="C:\Users\deepthi\Desktop\Back country\bc-cms-rewrite-react\src\logos\BackCountry-logo.svg">
        <metrics statements="1" coveredstatements="1" conditionals="0" coveredconditionals="0" methods="0" coveredmethods="0"/>
        <line num="1" count="1" type="stmt"/>
      </file>
      <file name="ChoosingApp-arrow.svg" path="C:\Users\deepthi\Desktop\Back country\bc-cms-rewrite-react\src\logos\ChoosingApp-arrow.svg">
        <metrics statements="1" coveredstatements="1" conditionals="0" coveredconditionals="0" methods="0" coveredmethods="0"/>
        <line num="1" count="1" type="stmt"/>
      </file>
      <file name="Completed.svg" path="C:\Users\deepthi\Desktop\Back country\bc-cms-rewrite-react\src\logos\Completed.svg">
        <metrics statements="1" coveredstatements="1" conditionals="0" coveredconditionals="0" methods="0" coveredmethods="0"/>
        <line num="1" count="2" type="stmt"/>
      </file>
      <file name="InProgress.svg" path="C:\Users\deepthi\Desktop\Back country\bc-cms-rewrite-react\src\logos\InProgress.svg">
        <metrics statements="1" coveredstatements="1" conditionals="0" coveredconditionals="0" methods="0" coveredmethods="0"/>
        <line num="1" count="2" type="stmt"/>
      </file>
      <file name="NavBarSwitchingIcon.svg" path="C:\Users\deepthi\Desktop\Back country\bc-cms-rewrite-react\src\logos\NavBarSwitchingIcon.svg">
        <metrics statements="1" coveredstatements="1" conditionals="0" coveredconditionals="0" methods="0" coveredmethods="0"/>
        <line num="1" count="1" type="stmt"/>
      </file>
      <file name="Normalization-img.svg" path="C:\Users\deepthi\Desktop\Back country\bc-cms-rewrite-react\src\logos\Normalization-img.svg">
        <metrics statements="1" coveredstatements="1" conditionals="0" coveredconditionals="0" methods="0" coveredmethods="0"/>
        <line num="1" count="1" type="stmt"/>
      </file>
      <file name="SizingApp-img.svg" path="C:\Users\deepthi\Desktop\Back country\bc-cms-rewrite-react\src\logos\SizingApp-img.svg">
        <metrics statements="1" coveredstatements="1" conditionals="0" coveredconditionals="0" methods="0" coveredmethods="0"/>
        <line num="1" count="1" type="stmt"/>
      </file>
      <file name="UnAssigned.svg" path="C:\Users\deepthi\Desktop\Back country\bc-cms-rewrite-react\src\logos\UnAssigned.svg">
        <metrics statements="1" coveredstatements="1" conditionals="0" coveredconditionals="0" methods="0" coveredmethods="0"/>
        <line num="1" count="2" type="stmt"/>
      </file>
      <file name="backcountry-logo-with-text.svg" path="C:\Users\deepthi\Desktop\Back country\bc-cms-rewrite-react\src\logos\backcountry-logo-with-text.svg">
        <metrics statements="1" coveredstatements="1" conditionals="0" coveredconditionals="0" methods="0" coveredmethods="0"/>
        <line num="1" count="1" type="stmt"/>
      </file>
    </package>
  </project>
</coverage>
