<?xml version="1.0" encoding="UTF-8"?>
<coverage generated="1684059625096" clover="3.2.0">
  <project timestamp="1684059625096" name="All files">
    <metrics statements="50" coveredstatements="40" conditionals="26" coveredconditionals="14" methods="22" coveredmethods="18" elements="98" coveredelements="72" complexity="0" loc="50" ncloc="50" packages="2" files="8" classes="8"/>
    <package name="src">
      <metrics statements="4" coveredstatements="4" conditionals="0" coveredconditionals="0" methods="2" coveredmethods="2"/>
      <file name="App.jsx" path="C:\Users\deepthi\Desktop\Back country\bc-cms-rewrite-react\src\App.jsx">
        <metrics statements="4" coveredstatements="4" conditionals="0" coveredconditionals="0" methods="2" coveredmethods="2"/>
        <line num="6" count="3" type="stmt"/>
        <line num="7" count="3" type="stmt"/>
        <line num="8" count="3" type="stmt"/>
        <line num="19" count="1" type="stmt"/>
      </file>
    </package>
    <package name="src.components">
      <metrics statements="46" coveredstatements="36" conditionals="26" coveredconditionals="14" methods="20" coveredmethods="16"/>
      <file name="GlobalSearch.jsx" path="C:\Users\deepthi\Desktop\Back country\bc-cms-rewrite-react\src\components\GlobalSearch.jsx">
        <metrics statements="1" coveredstatements="1" conditionals="0" coveredconditionals="0" methods="1" coveredmethods="1"/>
        <line num="3" count="2" type="stmt"/>
      </file>
      <file name="NavBar.jsx" path="C:\Users\deepthi\Desktop\Back country\bc-cms-rewrite-react\src\components\NavBar.jsx">
        <metrics statements="8" coveredstatements="7" conditionals="6" coveredconditionals="5" methods="3" coveredmethods="2"/>
        <line num="9" count="3" type="stmt"/>
        <line num="10" count="3" type="stmt"/>
        <line num="11" count="3" type="stmt"/>
        <line num="12" count="3" type="stmt"/>
        <line num="13" count="3" type="stmt"/>
        <line num="14" count="0" type="stmt"/>
        <line num="17" count="3" type="stmt"/>
        <line num="27" count="1" type="stmt"/>
      </file>
      <file name="NormalizationDashboard.jsx" path="C:\Users\deepthi\Desktop\Back country\bc-cms-rewrite-react\src\components\NormalizationDashboard.jsx">
        <metrics statements="1" coveredstatements="1" conditionals="0" coveredconditionals="0" methods="1" coveredmethods="1"/>
        <line num="8" count="2" type="stmt"/>
      </file>
      <file name="StatusBarsForNormalization.jsx" path="C:\Users\deepthi\Desktop\Back country\bc-cms-rewrite-react\src\components\StatusBarsForNormalization.jsx">
        <metrics statements="1" coveredstatements="1" conditionals="0" coveredconditionals="0" methods="1" coveredmethods="1"/>
        <line num="8" count="2" type="stmt"/>
      </file>
      <file name="Table.jsx" path="C:\Users\deepthi\Desktop\Back country\bc-cms-rewrite-react\src\components\Table.jsx">
        <metrics statements="6" coveredstatements="6" conditionals="0" coveredconditionals="0" methods="2" coveredmethods="1"/>
        <line num="9" count="1" type="stmt"/>
        <line num="16" count="1" type="stmt"/>
        <line num="17" count="1" type="stmt"/>
        <line num="27" count="1" type="stmt"/>
        <line num="44" count="1" type="stmt"/>
        <line num="52" count="1" type="stmt"/>
      </file>
      <file name="WriterDashBoardTabs.jsx" path="C:\Users\deepthi\Desktop\Back country\bc-cms-rewrite-react\src\components\WriterDashBoardTabs.jsx">
        <metrics statements="15" coveredstatements="11" conditionals="16" coveredconditionals="8" methods="6" coveredmethods="6"/>
        <line num="5" count="8" type="stmt"/>
        <line num="7" count="6" type="stmt"/>
        <line num="8" count="4" type="cond" truecount="1" falsecount="1"/>
        <line num="9" count="0" type="stmt"/>
        <line num="11" count="4" type="cond" truecount="1" falsecount="1"/>
        <line num="12" count="0" type="stmt"/>
        <line num="13" count="4" type="cond" truecount="1" falsecount="1"/>
        <line num="14" count="0" type="stmt"/>
        <line num="15" count="4" type="cond" truecount="1" falsecount="1"/>
        <line num="16" count="0" type="stmt"/>
        <line num="20" count="6" type="stmt"/>
        <line num="23" count="1" type="cond" truecount="1" falsecount="1"/>
        <line num="27" count="1" type="cond" truecount="1" falsecount="1"/>
        <line num="31" count="1" type="cond" truecount="1" falsecount="1"/>
        <line num="35" count="1" type="cond" truecount="1" falsecount="1"/>
      </file>
      <file name="menuChooser.jsx" path="C:\Users\deepthi\Desktop\Back country\bc-cms-rewrite-react\src\components\menuChooser.jsx">
        <metrics statements="14" coveredstatements="9" conditionals="4" coveredconditionals="1" methods="6" coveredmethods="4"/>
        <line num="12" count="5" type="stmt"/>
        <line num="13" count="5" type="stmt"/>
        <line num="14" count="5" type="stmt"/>
        <line num="15" count="5" type="stmt"/>
        <line num="17" count="5" type="stmt"/>
        <line num="18" count="3" type="cond" truecount="1" falsecount="1"/>
        <line num="19" count="0" type="stmt"/>
        <line num="20" count="0" type="stmt"/>
        <line num="21" count="0" type="stmt"/>
        <line num="22" count="0" type="cond" truecount="0" falsecount="2"/>
        <line num="23" count="0" type="stmt"/>
        <line num="29" count="5" type="stmt"/>
        <line num="36" count="1" type="stmt"/>
        <line num="58" count="1" type="stmt"/>
      </file>
    </package>
  </project>
</coverage>
