{"C:\\Users\\deepthi\\Desktop\\Back country\\bc-cms-rewrite-react\\src\\App.jsx": {"path":"C:\\Users\\deepthi\\Desktop\\Back country\\bc-cms-rewrite-react\\src\\App.jsx","statementMap":{"0":{"start":{"line":6,"column":19},"end":{"line":6,"column":32}},"1":{"start":{"line":7,"column":14},"end":{"line":7,"column":34}},"2":{"start":{"line":8,"column":2},"end":{"line":27,"column":4}},"3":{"start":{"line":19,"column":85},"end":{"line":19,"column":101}}},"fnMap":{"0":{"name":"App","decl":{"start":{"line":5,"column":9},"end":{"line":5,"column":12}},"loc":{"start":{"line":5,"column":15},"end":{"line":28,"column":1}},"line":5},"1":{"name":"(anonymous_1)","decl":{"start":{"line":19,"column":80},"end":{"line":19,"column":81}},"loc":{"start":{"line":19,"column":85},"end":{"line":19,"column":101}},"line":19}},"branchMap":{},"s":{"0":3,"1":3,"2":3,"3":1},"f":{"0":3,"1":1},"b":{},"_coverageSchema":"1a1c01bbd47fc00a2c39e90264f33305004495a9","hash":"78d421a96f2bb833d48afc1131bfac14dc82baaa"}
,"C:\\Users\\deepthi\\Desktop\\Back country\\bc-cms-rewrite-react\\src\\components\\GlobalSearch.jsx": {"path":"C:\\Users\\deepthi\\Desktop\\Back country\\bc-cms-rewrite-react\\src\\components\\GlobalSearch.jsx","statementMap":{"0":{"start":{"line":3,"column":4},"end":{"line":16,"column":6}}},"fnMap":{"0":{"name":"GlobalSearch","decl":{"start":{"line":2,"column":9},"end":{"line":2,"column":21}},"loc":{"start":{"line":2,"column":24},"end":{"line":17,"column":3}},"line":2}},"branchMap":{},"s":{"0":2},"f":{"0":2},"b":{},"_coverageSchema":"1a1c01bbd47fc00a2c39e90264f33305004495a9","hash":"770f5882bac59de854699a21b01c51942c857546"}
,"C:\\Users\\deepthi\\Desktop\\Back country\\bc-cms-rewrite-react\\src\\components\\NavBar.jsx": {"path":"C:\\Users\\deepthi\\Desktop\\Back country\\bc-cms-rewrite-react\\src\\components\\NavBar.jsx","statementMap":{"0":{"start":{"line":9,"column":21},"end":{"line":9,"column":34}},"1":{"start":{"line":10,"column":21},"end":{"line":10,"column":34}},"2":{"start":{"line":11,"column":38},"end":{"line":11,"column":53}},"3":{"start":{"line":12,"column":19},"end":{"line":12,"column":48}},"4":{"start":{"line":13,"column":21},"end":{"line":15,"column":5}},"5":{"start":{"line":14,"column":8},"end":{"line":14,"column":32}},"6":{"start":{"line":17,"column":4},"end":{"line":72,"column":6}},"7":{"start":{"line":27,"column":70},"end":{"line":27,"column":106}}},"fnMap":{"0":{"name":"NavBar","decl":{"start":{"line":8,"column":9},"end":{"line":8,"column":15}},"loc":{"start":{"line":8,"column":18},"end":{"line":73,"column":1}},"line":8},"1":{"name":"(anonymous_1)","decl":{"start":{"line":13,"column":21},"end":{"line":13,"column":22}},"loc":{"start":{"line":13,"column":25},"end":{"line":15,"column":5}},"line":13},"2":{"name":"(anonymous_2)","decl":{"start":{"line":27,"column":65},"end":{"line":27,"column":66}},"loc":{"start":{"line":27,"column":70},"end":{"line":27,"column":106}},"line":27}},"branchMap":{"0":{"loc":{"start":{"line":26,"column":12},"end":{"line":30,"column":19}},"type":"binary-expr","locations":[{"start":{"line":26,"column":12},"end":{"line":26,"column":48}},{"start":{"line":26,"column":53},"end":{"line":30,"column":18}}],"line":26},"1":{"loc":{"start":{"line":32,"column":13},"end":{"line":39,"column":18}},"type":"binary-expr","locations":[{"start":{"line":32,"column":13},"end":{"line":32,"column":49}},{"start":{"line":32,"column":54},"end":{"line":39,"column":17}}],"line":32},"2":{"loc":{"start":{"line":46,"column":18},"end":{"line":67,"column":18}},"type":"binary-expr","locations":[{"start":{"line":46,"column":18},"end":{"line":46,"column":27}},{"start":{"line":47,"column":16},"end":{"line":67,"column":18}}],"line":46}},"s":{"0":3,"1":3,"2":3,"3":3,"4":3,"5":0,"6":3,"7":1},"f":{"0":3,"1":0,"2":1},"b":{"0":[3,3],"1":[3,3],"2":[3,0]},"_coverageSchema":"1a1c01bbd47fc00a2c39e90264f33305004495a9","hash":"400857b203efd86ed1e176d32e2c3955650a7675"}
,"C:\\Users\\deepthi\\Desktop\\Back country\\bc-cms-rewrite-react\\src\\components\\NormalizationDashboard.jsx": {"path":"C:\\Users\\deepthi\\Desktop\\Back country\\bc-cms-rewrite-react\\src\\components\\NormalizationDashboard.jsx","statementMap":{"0":{"start":{"line":8,"column":2},"end":{"line":23,"column":4}}},"fnMap":{"0":{"name":"NormalizationDashboard","decl":{"start":{"line":7,"column":9},"end":{"line":7,"column":31}},"loc":{"start":{"line":7,"column":34},"end":{"line":24,"column":1}},"line":7}},"branchMap":{},"s":{"0":1},"f":{"0":1},"b":{},"_coverageSchema":"1a1c01bbd47fc00a2c39e90264f33305004495a9","hash":"93fe14d014ca347caef204fecef356a30c08493d"}
,"C:\\Users\\deepthi\\Desktop\\Back country\\bc-cms-rewrite-react\\src\\components\\StatusBarsForNormalization.jsx": {"path":"C:\\Users\\deepthi\\Desktop\\Back country\\bc-cms-rewrite-react\\src\\components\\StatusBarsForNormalization.jsx","statementMap":{"0":{"start":{"line":8,"column":4},"end":{"line":88,"column":6}}},"fnMap":{"0":{"name":"StatusBarsForNormalization","decl":{"start":{"line":7,"column":9},"end":{"line":7,"column":35}},"loc":{"start":{"line":7,"column":38},"end":{"line":89,"column":1}},"line":7}},"branchMap":{},"s":{"0":2},"f":{"0":2},"b":{},"_coverageSchema":"1a1c01bbd47fc00a2c39e90264f33305004495a9","hash":"cc252209c1eaf997503504551da70f0d94699152"}
,"C:\\Users\\deepthi\\Desktop\\Back country\\bc-cms-rewrite-react\\src\\components\\Table.jsx": {"path":"C:\\Users\\deepthi\\Desktop\\Back country\\bc-cms-rewrite-react\\src\\components\\Table.jsx","statementMap":{"0":{"start":{"line":9,"column":36},"end":{"line":15,"column":4}},"1":{"start":{"line":16,"column":52},"end":{"line":16,"column":66}},"2":{"start":{"line":17,"column":36},"end":{"line":17,"column":50}},"3":{"start":{"line":27,"column":25},"end":{"line":29,"column":5}},"4":{"start":{"line":44,"column":34},"end":{"line":50,"column":4}},"5":{"start":{"line":52,"column":4},"end":{"line":89,"column":6}}},"fnMap":{"0":{"name":"Table","decl":{"start":{"line":8,"column":24},"end":{"line":8,"column":29}},"loc":{"start":{"line":8,"column":32},"end":{"line":90,"column":1}},"line":8},"1":{"name":"(anonymous_1)","decl":{"start":{"line":27,"column":25},"end":{"line":27,"column":26}},"loc":{"start":{"line":27,"column":29},"end":{"line":29,"column":5}},"line":27}},"branchMap":{},"s":{"0":1,"1":1,"2":1,"3":1,"4":1,"5":1},"f":{"0":1,"1":0},"b":{},"_coverageSchema":"1a1c01bbd47fc00a2c39e90264f33305004495a9","hash":"99fee393586114373bc5f9d4ce4ffcb3d4546b5a"}
,"C:\\Users\\deepthi\\Desktop\\Back country\\bc-cms-rewrite-react\\src\\components\\WriterDashBoardTabs.jsx": {"path":"C:\\Users\\deepthi\\Desktop\\Back country\\bc-cms-rewrite-react\\src\\components\\WriterDashBoardTabs.jsx","statementMap":{"0":{"start":{"line":6,"column":32},"end":{"line":6,"column":47}},"1":{"start":{"line":7,"column":19},"end":{"line":7,"column":50}},"2":{"start":{"line":8,"column":50},"end":{"line":8,"column":57}},"3":{"start":{"line":9,"column":38},"end":{"line":9,"column":60}},"4":{"start":{"line":10,"column":26},"end":{"line":23,"column":3}},"5":{"start":{"line":11,"column":4},"end":{"line":13,"column":5}},"6":{"start":{"line":12,"column":6},"end":{"line":12,"column":34}},"7":{"start":{"line":14,"column":4},"end":{"line":16,"column":5}},"8":{"start":{"line":15,"column":6},"end":{"line":15,"column":33}},"9":{"start":{"line":17,"column":4},"end":{"line":19,"column":5}},"10":{"start":{"line":18,"column":6},"end":{"line":18,"column":32}},"11":{"start":{"line":20,"column":4},"end":{"line":22,"column":5}},"12":{"start":{"line":21,"column":6},"end":{"line":21,"column":34}},"13":{"start":{"line":25,"column":2},"end":{"line":27,"column":35}},"14":{"start":{"line":26,"column":4},"end":{"line":26,"column":49}},"15":{"start":{"line":29,"column":2},"end":{"line":83,"column":4}},"16":{"start":{"line":35,"column":28},"end":{"line":35,"column":46}},"17":{"start":{"line":48,"column":26},"end":{"line":48,"column":44}},"18":{"start":{"line":60,"column":26},"end":{"line":60,"column":44}},"19":{"start":{"line":72,"column":26},"end":{"line":72,"column":44}}},"fnMap":{"0":{"name":"WriterDashBoardTabs","decl":{"start":{"line":5,"column":9},"end":{"line":5,"column":28}},"loc":{"start":{"line":5,"column":31},"end":{"line":84,"column":1}},"line":5},"1":{"name":"(anonymous_1)","decl":{"start":{"line":10,"column":26},"end":{"line":10,"column":27}},"loc":{"start":{"line":10,"column":35},"end":{"line":23,"column":3}},"line":10},"2":{"name":"(anonymous_2)","decl":{"start":{"line":25,"column":12},"end":{"line":25,"column":13}},"loc":{"start":{"line":25,"column":18},"end":{"line":27,"column":3}},"line":25},"3":{"name":"(anonymous_3)","decl":{"start":{"line":35,"column":21},"end":{"line":35,"column":22}},"loc":{"start":{"line":35,"column":28},"end":{"line":35,"column":46}},"line":35},"4":{"name":"(anonymous_4)","decl":{"start":{"line":48,"column":19},"end":{"line":48,"column":20}},"loc":{"start":{"line":48,"column":26},"end":{"line":48,"column":44}},"line":48},"5":{"name":"(anonymous_5)","decl":{"start":{"line":60,"column":19},"end":{"line":60,"column":20}},"loc":{"start":{"line":60,"column":26},"end":{"line":60,"column":44}},"line":60},"6":{"name":"(anonymous_6)","decl":{"start":{"line":72,"column":19},"end":{"line":72,"column":20}},"loc":{"start":{"line":72,"column":26},"end":{"line":72,"column":44}},"line":72}},"branchMap":{"0":{"loc":{"start":{"line":11,"column":4},"end":{"line":13,"column":5}},"type":"if","locations":[{"start":{"line":11,"column":4},"end":{"line":13,"column":5}},{"start":{},"end":{}}],"line":11},"1":{"loc":{"start":{"line":14,"column":4},"end":{"line":16,"column":5}},"type":"if","locations":[{"start":{"line":14,"column":4},"end":{"line":16,"column":5}},{"start":{},"end":{}}],"line":14},"2":{"loc":{"start":{"line":17,"column":4},"end":{"line":19,"column":5}},"type":"if","locations":[{"start":{"line":17,"column":4},"end":{"line":19,"column":5}},{"start":{},"end":{}}],"line":17},"3":{"loc":{"start":{"line":20,"column":4},"end":{"line":22,"column":5}},"type":"if","locations":[{"start":{"line":20,"column":4},"end":{"line":22,"column":5}},{"start":{},"end":{}}],"line":20},"4":{"loc":{"start":{"line":32,"column":9},"end":{"line":44,"column":9}},"type":"binary-expr","locations":[{"start":{"line":32,"column":9},"end":{"line":32,"column":16}},{"start":{"line":33,"column":10},"end":{"line":43,"column":19}}],"line":32},"5":{"loc":{"start":{"line":37,"column":14},"end":{"line":39,"column":29}},"type":"cond-expr","locations":[{"start":{"line":38,"column":18},"end":{"line":38,"column":50}},{"start":{"line":39,"column":18},"end":{"line":39,"column":29}}],"line":37},"6":{"loc":{"start":{"line":50,"column":12},"end":{"line":52,"column":27}},"type":"cond-expr","locations":[{"start":{"line":51,"column":16},"end":{"line":51,"column":48}},{"start":{"line":52,"column":16},"end":{"line":52,"column":27}}],"line":50},"7":{"loc":{"start":{"line":62,"column":12},"end":{"line":64,"column":27}},"type":"cond-expr","locations":[{"start":{"line":63,"column":16},"end":{"line":63,"column":48}},{"start":{"line":64,"column":16},"end":{"line":64,"column":27}}],"line":62},"8":{"loc":{"start":{"line":74,"column":12},"end":{"line":76,"column":27}},"type":"cond-expr","locations":[{"start":{"line":75,"column":16},"end":{"line":75,"column":48}},{"start":{"line":76,"column":16},"end":{"line":76,"column":27}}],"line":74}},"s":{"0":10,"1":10,"2":10,"3":10,"4":10,"5":3,"6":0,"7":3,"8":0,"9":3,"10":0,"11":3,"12":0,"13":10,"14":5,"15":10,"16":0,"17":1,"18":1,"19":1},"f":{"0":10,"1":3,"2":5,"3":0,"4":1,"5":1,"6":1},"b":{"0":[0,3],"1":[0,3],"2":[0,3],"3":[0,3],"4":[10,0],"5":[0,0],"6":[0,10],"7":[0,10],"8":[0,10]},"_coverageSchema":"1a1c01bbd47fc00a2c39e90264f33305004495a9","hash":"dea19e777b24105e0516473c416152aeb2ad7a2a"}
,"C:\\Users\\deepthi\\Desktop\\Back country\\bc-cms-rewrite-react\\src\\components\\menuChooser.jsx": {"path":"C:\\Users\\deepthi\\Desktop\\Back country\\bc-cms-rewrite-react\\src\\components\\menuChooser.jsx","statementMap":{"0":{"start":{"line":11,"column":4},"end":{"line":11,"column":15}},"1":{"start":{"line":14,"column":19},"end":{"line":14,"column":32}},"2":{"start":{"line":15,"column":51},"end":{"line":15,"column":66}},"3":{"start":{"line":16,"column":57},"end":{"line":16,"column":72}},"4":{"start":{"line":17,"column":19},"end":{"line":17,"column":50}},"5":{"start":{"line":19,"column":2},"end":{"line":22,"column":58}},"6":{"start":{"line":20,"column":4},"end":{"line":20,"column":62}},"7":{"start":{"line":21,"column":4},"end":{"line":21,"column":73}},"8":{"start":{"line":24,"column":2},"end":{"line":93,"column":4}},"9":{"start":{"line":38,"column":35},"end":{"line":38,"column":70}},"10":{"start":{"line":65,"column":35},"end":{"line":65,"column":68}}},"fnMap":{"0":{"name":"MenuChooser","decl":{"start":{"line":13,"column":9},"end":{"line":13,"column":20}},"loc":{"start":{"line":13,"column":23},"end":{"line":94,"column":1}},"line":13},"1":{"name":"(anonymous_1)","decl":{"start":{"line":19,"column":12},"end":{"line":19,"column":13}},"loc":{"start":{"line":19,"column":18},"end":{"line":22,"column":3}},"line":19},"2":{"name":"(anonymous_2)","decl":{"start":{"line":38,"column":29},"end":{"line":38,"column":30}},"loc":{"start":{"line":38,"column":35},"end":{"line":38,"column":70}},"line":38},"3":{"name":"(anonymous_3)","decl":{"start":{"line":65,"column":29},"end":{"line":65,"column":30}},"loc":{"start":{"line":65,"column":35},"end":{"line":65,"column":68}},"line":65}},"branchMap":{"0":{"loc":{"start":{"line":29,"column":7},"end":{"line":34,"column":7}},"type":"binary-expr","locations":[{"start":{"line":29,"column":7},"end":{"line":29,"column":28}},{"start":{"line":29,"column":32},"end":{"line":29,"column":50}},{"start":{"line":30,"column":8},"end":{"line":33,"column":12}}],"line":29},"1":{"loc":{"start":{"line":36,"column":9},"end":{"line":61,"column":9}},"type":"binary-expr","locations":[{"start":{"line":36,"column":9},"end":{"line":36,"column":30}},{"start":{"line":37,"column":10},"end":{"line":60,"column":16}}],"line":36},"2":{"loc":{"start":{"line":63,"column":9},"end":{"line":89,"column":9}},"type":"binary-expr","locations":[{"start":{"line":63,"column":9},"end":{"line":63,"column":27}},{"start":{"line":64,"column":10},"end":{"line":88,"column":16}}],"line":63}},"s":{"0":1,"1":3,"2":3,"3":3,"4":3,"5":3,"6":2,"7":2,"8":3,"9":0,"10":0},"f":{"0":3,"1":2,"2":0,"3":0},"b":{"0":[3,2,2],"1":[3,2],"2":[3,2]},"_coverageSchema":"1a1c01bbd47fc00a2c39e90264f33305004495a9","hash":"435a5d34faf36ceaa32d4ca34290049ba986dbca"}
,"C:\\Users\\deepthi\\Desktop\\Back country\\bc-cms-rewrite-react\\src\\hooks\\useSessionStorage.js": {"path":"C:\\Users\\deepthi\\Desktop\\Back country\\bc-cms-rewrite-react\\src\\hooks\\useSessionStorage.js","statementMap":{"0":{"start":{"line":3,"column":26},"end":{"line":30,"column":1}},"1":{"start":{"line":4,"column":40},"end":{"line":20,"column":4}},"2":{"start":{"line":5,"column":4},"end":{"line":19,"column":5}},"3":{"start":{"line":6,"column":20},"end":{"line":6,"column":58}},"4":{"start":{"line":8,"column":6},"end":{"line":16,"column":7}},"5":{"start":{"line":9,"column":8},"end":{"line":9,"column":33}},"6":{"start":{"line":11,"column":8},"end":{"line":14,"column":9}},"7":{"start":{"line":12,"column":10},"end":{"line":12,"column":79}},"8":{"start":{"line":13,"column":10},"end":{"line":13,"column":30}},"9":{"start":{"line":15,"column":8},"end":{"line":15,"column":15}},"10":{"start":{"line":18,"column":6},"end":{"line":18,"column":26}},"11":{"start":{"line":22,"column":19},"end":{"line":27,"column":3}},"12":{"start":{"line":23,"column":4},"end":{"line":25,"column":20}},"13":{"start":{"line":24,"column":6},"end":{"line":24,"column":71}},"14":{"start":{"line":26,"column":4},"end":{"line":26,"column":29}},"15":{"start":{"line":29,"column":2},"end":{"line":29,"column":33}}},"fnMap":{"0":{"name":"(anonymous_0)","decl":{"start":{"line":3,"column":26},"end":{"line":3,"column":27}},"loc":{"start":{"line":3,"column":53},"end":{"line":30,"column":1}},"line":3},"1":{"name":"(anonymous_1)","decl":{"start":{"line":4,"column":49},"end":{"line":4,"column":50}},"loc":{"start":{"line":4,"column":55},"end":{"line":20,"column":3}},"line":4},"2":{"name":"(anonymous_2)","decl":{"start":{"line":22,"column":19},"end":{"line":22,"column":20}},"loc":{"start":{"line":22,"column":31},"end":{"line":27,"column":3}},"line":22}},"branchMap":{"0":{"loc":{"start":{"line":8,"column":6},"end":{"line":16,"column":7}},"type":"if","locations":[{"start":{"line":8,"column":6},"end":{"line":16,"column":7}},{"start":{"line":10,"column":13},"end":{"line":16,"column":7}}],"line":8},"1":{"loc":{"start":{"line":11,"column":8},"end":{"line":14,"column":9}},"type":"if","locations":[{"start":{"line":11,"column":8},"end":{"line":14,"column":9}},{"start":{},"end":{}}],"line":11}},"s":{"0":5,"1":13,"2":7,"3":7,"4":7,"5":0,"6":7,"7":0,"8":0,"9":7,"10":0,"11":13,"12":0,"13":0,"14":0,"15":13},"f":{"0":13,"1":7,"2":0},"b":{"0":[0,7],"1":[0,7]},"_coverageSchema":"1a1c01bbd47fc00a2c39e90264f33305004495a9","hash":"8afdf695ce08f44152cd321cfcfec441444471c9"}
,"C:\\Users\\deepthi\\Desktop\\Back country\\bc-cms-rewrite-react\\src\\logos\\Assigned.svg": {"path":"C:\\Users\\deepthi\\Desktop\\Back country\\bc-cms-rewrite-react\\src\\logos\\Assigned.svg","statementMap":{"0":{"start":{"line":1,"column":0},"end":{"line":1,"column":32}}},"fnMap":{},"branchMap":{},"s":{"0":2},"f":{},"b":{},"_coverageSchema":"1a1c01bbd47fc00a2c39e90264f33305004495a9","hash":"4c4a923ab1c00d3cd8094f4c6f5e509d00a228ab"}
,"C:\\Users\\deepthi\\Desktop\\Back country\\bc-cms-rewrite-react\\src\\logos\\BackCountry-logo.svg": {"path":"C:\\Users\\deepthi\\Desktop\\Back country\\bc-cms-rewrite-react\\src\\logos\\BackCountry-logo.svg","statementMap":{"0":{"start":{"line":1,"column":0},"end":{"line":1,"column":40}}},"fnMap":{},"branchMap":{},"s":{"0":1},"f":{},"b":{},"_coverageSchema":"1a1c01bbd47fc00a2c39e90264f33305004495a9","hash":"1f21f4a9bcfce7a2bbb1252e69b413a04917ab9a"}
,"C:\\Users\\deepthi\\Desktop\\Back country\\bc-cms-rewrite-react\\src\\logos\\ChoosingApp-arrow.svg": {"path":"C:\\Users\\deepthi\\Desktop\\Back country\\bc-cms-rewrite-react\\src\\logos\\ChoosingApp-arrow.svg","statementMap":{"0":{"start":{"line":1,"column":0},"end":{"line":1,"column":41}}},"fnMap":{},"branchMap":{},"s":{"0":1},"f":{},"b":{},"_coverageSchema":"1a1c01bbd47fc00a2c39e90264f33305004495a9","hash":"8ef96c9214a4d9581e8485b6924a1efb1983b37b"}
,"C:\\Users\\deepthi\\Desktop\\Back country\\bc-cms-rewrite-react\\src\\logos\\Completed.svg": {"path":"C:\\Users\\deepthi\\Desktop\\Back country\\bc-cms-rewrite-react\\src\\logos\\Completed.svg","statementMap":{"0":{"start":{"line":1,"column":0},"end":{"line":1,"column":33}}},"fnMap":{},"branchMap":{},"s":{"0":2},"f":{},"b":{},"_coverageSchema":"1a1c01bbd47fc00a2c39e90264f33305004495a9","hash":"f39391f500be4cc2c7f6ea88da8c8c05f2c097ae"}
,"C:\\Users\\deepthi\\Desktop\\Back country\\bc-cms-rewrite-react\\src\\logos\\InProgress.svg": {"path":"C:\\Users\\deepthi\\Desktop\\Back country\\bc-cms-rewrite-react\\src\\logos\\InProgress.svg","statementMap":{"0":{"start":{"line":1,"column":0},"end":{"line":1,"column":34}}},"fnMap":{},"branchMap":{},"s":{"0":2},"f":{},"b":{},"_coverageSchema":"1a1c01bbd47fc00a2c39e90264f33305004495a9","hash":"0331729158f3820f92a0fabac251d72eeba65a0e"}
,"C:\\Users\\deepthi\\Desktop\\Back country\\bc-cms-rewrite-react\\src\\logos\\NavBarSwitchingIcon.svg": {"path":"C:\\Users\\deepthi\\Desktop\\Back country\\bc-cms-rewrite-react\\src\\logos\\NavBarSwitchingIcon.svg","statementMap":{"0":{"start":{"line":1,"column":0},"end":{"line":1,"column":43}}},"fnMap":{},"branchMap":{},"s":{"0":1},"f":{},"b":{},"_coverageSchema":"1a1c01bbd47fc00a2c39e90264f33305004495a9","hash":"e585a5c712c04ed493bf7f9a89488ceff5fda9f3"}
,"C:\\Users\\deepthi\\Desktop\\Back country\\bc-cms-rewrite-react\\src\\logos\\Normalization-img.svg": {"path":"C:\\Users\\deepthi\\Desktop\\Back country\\bc-cms-rewrite-react\\src\\logos\\Normalization-img.svg","statementMap":{"0":{"start":{"line":1,"column":0},"end":{"line":1,"column":41}}},"fnMap":{},"branchMap":{},"s":{"0":1},"f":{},"b":{},"_coverageSchema":"1a1c01bbd47fc00a2c39e90264f33305004495a9","hash":"c0b5f653bbad82b687d967a9d1dd43fc80a8decf"}
,"C:\\Users\\deepthi\\Desktop\\Back country\\bc-cms-rewrite-react\\src\\logos\\SizingApp-img.svg": {"path":"C:\\Users\\deepthi\\Desktop\\Back country\\bc-cms-rewrite-react\\src\\logos\\SizingApp-img.svg","statementMap":{"0":{"start":{"line":1,"column":0},"end":{"line":1,"column":37}}},"fnMap":{},"branchMap":{},"s":{"0":1},"f":{},"b":{},"_coverageSchema":"1a1c01bbd47fc00a2c39e90264f33305004495a9","hash":"9d53ea33f127a9fade7ccb4f5efae7e01c8416ab"}
,"C:\\Users\\deepthi\\Desktop\\Back country\\bc-cms-rewrite-react\\src\\logos\\UnAssigned.svg": {"path":"C:\\Users\\deepthi\\Desktop\\Back country\\bc-cms-rewrite-react\\src\\logos\\UnAssigned.svg","statementMap":{"0":{"start":{"line":1,"column":0},"end":{"line":1,"column":34}}},"fnMap":{},"branchMap":{},"s":{"0":2},"f":{},"b":{},"_coverageSchema":"1a1c01bbd47fc00a2c39e90264f33305004495a9","hash":"6aeb2a74b54a2a17a51bb2c9e7f61228be33508c"}
,"C:\\Users\\deepthi\\Desktop\\Back country\\bc-cms-rewrite-react\\src\\logos\\backcountry-logo-with-text.svg": {"path":"C:\\Users\\deepthi\\Desktop\\Back country\\bc-cms-rewrite-react\\src\\logos\\backcountry-logo-with-text.svg","statementMap":{"0":{"start":{"line":1,"column":0},"end":{"line":1,"column":50}}},"fnMap":{},"branchMap":{},"s":{"0":1},"f":{},"b":{},"_coverageSchema":"1a1c01bbd47fc00a2c39e90264f33305004495a9","hash":"9eab37d1f3a3f89855d717922d557ce2e56e6f16"}
}
