{"C:\\Users\\deepthi\\Desktop\\Back country\\bc-cms-rewrite-react\\src\\App.jsx": {"path":"C:\\Users\\deepthi\\Desktop\\Back country\\bc-cms-rewrite-react\\src\\App.jsx","statementMap":{"0":{"start":{"line":6,"column":19},"end":{"line":6,"column":32}},"1":{"start":{"line":7,"column":14},"end":{"line":7,"column":34}},"2":{"start":{"line":8,"column":2},"end":{"line":27,"column":4}},"3":{"start":{"line":19,"column":85},"end":{"line":19,"column":101}}},"fnMap":{"0":{"name":"App","decl":{"start":{"line":5,"column":9},"end":{"line":5,"column":12}},"loc":{"start":{"line":5,"column":15},"end":{"line":28,"column":1}},"line":5},"1":{"name":"(anonymous_1)","decl":{"start":{"line":19,"column":80},"end":{"line":19,"column":81}},"loc":{"start":{"line":19,"column":85},"end":{"line":19,"column":101}},"line":19}},"branchMap":{},"s":{"0":3,"1":3,"2":3,"3":1},"f":{"0":3,"1":1},"b":{},"_coverageSchema":"1a1c01bbd47fc00a2c39e90264f33305004495a9","hash":"78d421a96f2bb833d48afc1131bfac14dc82baaa"}
,"C:\\Users\\deepthi\\Desktop\\Back country\\bc-cms-rewrite-react\\src\\components\\GlobalSearch.jsx": {"path":"C:\\Users\\deepthi\\Desktop\\Back country\\bc-cms-rewrite-react\\src\\components\\GlobalSearch.jsx","statementMap":{"0":{"start":{"line":3,"column":4},"end":{"line":16,"column":6}}},"fnMap":{"0":{"name":"GlobalSearch","decl":{"start":{"line":2,"column":9},"end":{"line":2,"column":21}},"loc":{"start":{"line":2,"column":24},"end":{"line":17,"column":3}},"line":2}},"branchMap":{},"s":{"0":2},"f":{"0":2},"b":{},"_coverageSchema":"1a1c01bbd47fc00a2c39e90264f33305004495a9","hash":"770f5882bac59de854699a21b01c51942c857546"}
,"C:\\Users\\deepthi\\Desktop\\Back country\\bc-cms-rewrite-react\\src\\components\\NavBar.jsx": {"path":"C:\\Users\\deepthi\\Desktop\\Back country\\bc-cms-rewrite-react\\src\\components\\NavBar.jsx","statementMap":{"0":{"start":{"line":9,"column":21},"end":{"line":9,"column":34}},"1":{"start":{"line":10,"column":21},"end":{"line":10,"column":34}},"2":{"start":{"line":11,"column":38},"end":{"line":11,"column":53}},"3":{"start":{"line":12,"column":19},"end":{"line":12,"column":48}},"4":{"start":{"line":13,"column":21},"end":{"line":15,"column":5}},"5":{"start":{"line":14,"column":8},"end":{"line":14,"column":32}},"6":{"start":{"line":17,"column":4},"end":{"line":72,"column":6}},"7":{"start":{"line":27,"column":70},"end":{"line":27,"column":106}}},"fnMap":{"0":{"name":"NavBar","decl":{"start":{"line":8,"column":9},"end":{"line":8,"column":15}},"loc":{"start":{"line":8,"column":18},"end":{"line":73,"column":1}},"line":8},"1":{"name":"(anonymous_1)","decl":{"start":{"line":13,"column":21},"end":{"line":13,"column":22}},"loc":{"start":{"line":13,"column":25},"end":{"line":15,"column":5}},"line":13},"2":{"name":"(anonymous_2)","decl":{"start":{"line":27,"column":65},"end":{"line":27,"column":66}},"loc":{"start":{"line":27,"column":70},"end":{"line":27,"column":106}},"line":27}},"branchMap":{"0":{"loc":{"start":{"line":26,"column":12},"end":{"line":30,"column":19}},"type":"binary-expr","locations":[{"start":{"line":26,"column":12},"end":{"line":26,"column":48}},{"start":{"line":26,"column":53},"end":{"line":30,"column":18}}],"line":26},"1":{"loc":{"start":{"line":32,"column":13},"end":{"line":39,"column":18}},"type":"binary-expr","locations":[{"start":{"line":32,"column":13},"end":{"line":32,"column":49}},{"start":{"line":32,"column":54},"end":{"line":39,"column":17}}],"line":32},"2":{"loc":{"start":{"line":46,"column":18},"end":{"line":67,"column":18}},"type":"binary-expr","locations":[{"start":{"line":46,"column":18},"end":{"line":46,"column":27}},{"start":{"line":47,"column":16},"end":{"line":67,"column":18}}],"line":46}},"s":{"0":3,"1":3,"2":3,"3":3,"4":3,"5":0,"6":3,"7":1},"f":{"0":3,"1":0,"2":1},"b":{"0":[3,3],"1":[3,3],"2":[3,0]},"_coverageSchema":"1a1c01bbd47fc00a2c39e90264f33305004495a9","hash":"400857b203efd86ed1e176d32e2c3955650a7675"}
,"C:\\Users\\deepthi\\Desktop\\Back country\\bc-cms-rewrite-react\\src\\components\\NormalizationDashboard.jsx": {"path":"C:\\Users\\deepthi\\Desktop\\Back country\\bc-cms-rewrite-react\\src\\components\\NormalizationDashboard.jsx","statementMap":{"0":{"start":{"line":8,"column":2},"end":{"line":23,"column":4}}},"fnMap":{"0":{"name":"NormalizationDashboard","decl":{"start":{"line":7,"column":9},"end":{"line":7,"column":31}},"loc":{"start":{"line":7,"column":34},"end":{"line":24,"column":1}},"line":7}},"branchMap":{},"s":{"0":1},"f":{"0":1},"b":{},"_coverageSchema":"1a1c01bbd47fc00a2c39e90264f33305004495a9","hash":"93fe14d014ca347caef204fecef356a30c08493d"}
,"C:\\Users\\deepthi\\Desktop\\Back country\\bc-cms-rewrite-react\\src\\components\\StatusBarsForNormalization.jsx": {"path":"C:\\Users\\deepthi\\Desktop\\Back country\\bc-cms-rewrite-react\\src\\components\\StatusBarsForNormalization.jsx","statementMap":{"0":{"start":{"line":8,"column":4},"end":{"line":88,"column":6}}},"fnMap":{"0":{"name":"StatusBarsForNormalization","decl":{"start":{"line":7,"column":9},"end":{"line":7,"column":35}},"loc":{"start":{"line":7,"column":38},"end":{"line":89,"column":1}},"line":7}},"branchMap":{},"s":{"0":2},"f":{"0":2},"b":{},"_coverageSchema":"1a1c01bbd47fc00a2c39e90264f33305004495a9","hash":"cc252209c1eaf997503504551da70f0d94699152"}
,"C:\\Users\\deepthi\\Desktop\\Back country\\bc-cms-rewrite-react\\src\\components\\Table.jsx": {"path":"C:\\Users\\deepthi\\Desktop\\Back country\\bc-cms-rewrite-react\\src\\components\\Table.jsx","statementMap":{"0":{"start":{"line":9,"column":36},"end":{"line":15,"column":4}},"1":{"start":{"line":16,"column":52},"end":{"line":16,"column":66}},"2":{"start":{"line":17,"column":36},"end":{"line":17,"column":50}},"3":{"start":{"line":27,"column":25},"end":{"line":29,"column":5}},"4":{"start":{"line":44,"column":34},"end":{"line":50,"column":4}},"5":{"start":{"line":52,"column":4},"end":{"line":89,"column":6}}},"fnMap":{"0":{"name":"Table","decl":{"start":{"line":8,"column":24},"end":{"line":8,"column":29}},"loc":{"start":{"line":8,"column":32},"end":{"line":90,"column":1}},"line":8},"1":{"name":"(anonymous_1)","decl":{"start":{"line":27,"column":25},"end":{"line":27,"column":26}},"loc":{"start":{"line":27,"column":29},"end":{"line":29,"column":5}},"line":27}},"branchMap":{},"s":{"0":1,"1":1,"2":1,"3":1,"4":1,"5":1},"f":{"0":1,"1":0},"b":{},"_coverageSchema":"1a1c01bbd47fc00a2c39e90264f33305004495a9","hash":"99fee393586114373bc5f9d4ce4ffcb3d4546b5a"}
,"C:\\Users\\deepthi\\Desktop\\Back country\\bc-cms-rewrite-react\\src\\components\\WriterDashBoardTabs.jsx": {"path":"C:\\Users\\deepthi\\Desktop\\Back country\\bc-cms-rewrite-react\\src\\components\\WriterDashBoardTabs.jsx","statementMap":{"0":{"start":{"line":5,"column":40},"end":{"line":5,"column":62}},"1":{"start":{"line":7,"column":26},"end":{"line":18,"column":5}},"2":{"start":{"line":8,"column":8},"end":{"line":10,"column":9}},"3":{"start":{"line":9,"column":12},"end":{"line":9,"column":39}},"4":{"start":{"line":11,"column":8},"end":{"line":13,"column":9}},"5":{"start":{"line":12,"column":12},"end":{"line":12,"column":38}},"6":{"start":{"line":13,"column":9},"end":{"line":15,"column":9}},"7":{"start":{"line":14,"column":12},"end":{"line":14,"column":37}},"8":{"start":{"line":15,"column":9},"end":{"line":17,"column":9}},"9":{"start":{"line":16,"column":12},"end":{"line":16,"column":39}},"10":{"start":{"line":20,"column":4},"end":{"line":40,"column":6}},"11":{"start":{"line":23,"column":55},"end":{"line":23,"column":73}},"12":{"start":{"line":27,"column":54},"end":{"line":27,"column":72}},"13":{"start":{"line":31,"column":53},"end":{"line":31,"column":71}},"14":{"start":{"line":35,"column":55},"end":{"line":35,"column":73}}},"fnMap":{"0":{"name":"WriterDashBoardTabs","decl":{"start":{"line":4,"column":9},"end":{"line":4,"column":28}},"loc":{"start":{"line":4,"column":31},"end":{"line":41,"column":3}},"line":4},"1":{"name":"(anonymous_1)","decl":{"start":{"line":7,"column":26},"end":{"line":7,"column":27}},"loc":{"start":{"line":7,"column":33},"end":{"line":18,"column":5}},"line":7},"2":{"name":"(anonymous_2)","decl":{"start":{"line":23,"column":50},"end":{"line":23,"column":51}},"loc":{"start":{"line":23,"column":55},"end":{"line":23,"column":73}},"line":23},"3":{"name":"(anonymous_3)","decl":{"start":{"line":27,"column":49},"end":{"line":27,"column":50}},"loc":{"start":{"line":27,"column":54},"end":{"line":27,"column":72}},"line":27},"4":{"name":"(anonymous_4)","decl":{"start":{"line":31,"column":48},"end":{"line":31,"column":49}},"loc":{"start":{"line":31,"column":53},"end":{"line":31,"column":71}},"line":31},"5":{"name":"(anonymous_5)","decl":{"start":{"line":35,"column":50},"end":{"line":35,"column":51}},"loc":{"start":{"line":35,"column":55},"end":{"line":35,"column":73}},"line":35}},"branchMap":{"0":{"loc":{"start":{"line":8,"column":8},"end":{"line":10,"column":9}},"type":"if","locations":[{"start":{"line":8,"column":8},"end":{"line":10,"column":9}},{"start":{},"end":{}}],"line":8},"1":{"loc":{"start":{"line":11,"column":8},"end":{"line":13,"column":9}},"type":"if","locations":[{"start":{"line":11,"column":8},"end":{"line":13,"column":9}},{"start":{},"end":{}}],"line":11},"2":{"loc":{"start":{"line":13,"column":9},"end":{"line":15,"column":9}},"type":"if","locations":[{"start":{"line":13,"column":9},"end":{"line":15,"column":9}},{"start":{},"end":{}}],"line":13},"3":{"loc":{"start":{"line":15,"column":9},"end":{"line":17,"column":9}},"type":"if","locations":[{"start":{"line":15,"column":9},"end":{"line":17,"column":9}},{"start":{},"end":{}}],"line":15},"4":{"loc":{"start":{"line":23,"column":86},"end":{"line":23,"column":163}},"type":"cond-expr","locations":[{"start":{"line":23,"column":116},"end":{"line":23,"column":148}},{"start":{"line":23,"column":152},"end":{"line":23,"column":163}}],"line":23},"5":{"loc":{"start":{"line":27,"column":85},"end":{"line":27,"column":161}},"type":"cond-expr","locations":[{"start":{"line":27,"column":114},"end":{"line":27,"column":146}},{"start":{"line":27,"column":150},"end":{"line":27,"column":161}}],"line":27},"6":{"loc":{"start":{"line":31,"column":84},"end":{"line":31,"column":159}},"type":"cond-expr","locations":[{"start":{"line":31,"column":112},"end":{"line":31,"column":144}},{"start":{"line":31,"column":148},"end":{"line":31,"column":159}}],"line":31},"7":{"loc":{"start":{"line":35,"column":86},"end":{"line":35,"column":163}},"type":"cond-expr","locations":[{"start":{"line":35,"column":116},"end":{"line":35,"column":148}},{"start":{"line":35,"column":152},"end":{"line":35,"column":163}}],"line":35}},"s":{"0":6,"1":6,"2":4,"3":0,"4":4,"5":0,"6":4,"7":0,"8":4,"9":0,"10":6,"11":1,"12":1,"13":1,"14":1},"f":{"0":6,"1":4,"2":1,"3":1,"4":1,"5":1},"b":{"0":[0,4],"1":[0,4],"2":[0,4],"3":[0,4],"4":[6,0],"5":[0,6],"6":[0,6],"7":[0,6]},"_coverageSchema":"1a1c01bbd47fc00a2c39e90264f33305004495a9","hash":"2184f4f0eba670b379b6430eb8877450d5874e8d"}
,"C:\\Users\\deepthi\\Desktop\\Back country\\bc-cms-rewrite-react\\src\\hooks\\useSessionStorage.js": {"path":"C:\\Users\\deepthi\\Desktop\\Back country\\bc-cms-rewrite-react\\src\\hooks\\useSessionStorage.js","statementMap":{"0":{"start":{"line":3,"column":26},"end":{"line":30,"column":1}},"1":{"start":{"line":4,"column":40},"end":{"line":20,"column":4}},"2":{"start":{"line":5,"column":4},"end":{"line":19,"column":5}},"3":{"start":{"line":6,"column":20},"end":{"line":6,"column":58}},"4":{"start":{"line":8,"column":6},"end":{"line":16,"column":7}},"5":{"start":{"line":9,"column":8},"end":{"line":9,"column":33}},"6":{"start":{"line":11,"column":8},"end":{"line":14,"column":9}},"7":{"start":{"line":12,"column":10},"end":{"line":12,"column":79}},"8":{"start":{"line":13,"column":10},"end":{"line":13,"column":30}},"9":{"start":{"line":15,"column":8},"end":{"line":15,"column":15}},"10":{"start":{"line":18,"column":6},"end":{"line":18,"column":26}},"11":{"start":{"line":22,"column":19},"end":{"line":27,"column":3}},"12":{"start":{"line":23,"column":4},"end":{"line":25,"column":20}},"13":{"start":{"line":24,"column":6},"end":{"line":24,"column":71}},"14":{"start":{"line":26,"column":4},"end":{"line":26,"column":29}},"15":{"start":{"line":29,"column":2},"end":{"line":29,"column":33}}},"fnMap":{"0":{"name":"(anonymous_0)","decl":{"start":{"line":3,"column":26},"end":{"line":3,"column":27}},"loc":{"start":{"line":3,"column":53},"end":{"line":30,"column":1}},"line":3},"1":{"name":"(anonymous_1)","decl":{"start":{"line":4,"column":49},"end":{"line":4,"column":50}},"loc":{"start":{"line":4,"column":55},"end":{"line":20,"column":3}},"line":4},"2":{"name":"(anonymous_2)","decl":{"start":{"line":22,"column":19},"end":{"line":22,"column":20}},"loc":{"start":{"line":22,"column":31},"end":{"line":27,"column":3}},"line":22}},"branchMap":{"0":{"loc":{"start":{"line":8,"column":6},"end":{"line":16,"column":7}},"type":"if","locations":[{"start":{"line":8,"column":6},"end":{"line":16,"column":7}},{"start":{"line":10,"column":13},"end":{"line":16,"column":7}}],"line":8},"1":{"loc":{"start":{"line":11,"column":8},"end":{"line":14,"column":9}},"type":"if","locations":[{"start":{"line":11,"column":8},"end":{"line":14,"column":9}},{"start":{},"end":{}}],"line":11}},"s":{"0":2,"1":3,"2":2,"3":2,"4":2,"5":0,"6":2,"7":0,"8":0,"9":2,"10":0,"11":3,"12":0,"13":0,"14":0,"15":3},"f":{"0":3,"1":2,"2":0},"b":{"0":[0,2],"1":[0,2]},"_coverageSchema":"1a1c01bbd47fc00a2c39e90264f33305004495a9","hash":"8afdf695ce08f44152cd321cfcfec441444471c9"}
,"C:\\Users\\deepthi\\Desktop\\Back country\\bc-cms-rewrite-react\\src\\logos\\Assigned.svg": {"path":"C:\\Users\\deepthi\\Desktop\\Back country\\bc-cms-rewrite-react\\src\\logos\\Assigned.svg","statementMap":{"0":{"start":{"line":1,"column":0},"end":{"line":1,"column":32}}},"fnMap":{},"branchMap":{},"s":{"0":2},"f":{},"b":{},"_coverageSchema":"1a1c01bbd47fc00a2c39e90264f33305004495a9","hash":"4c4a923ab1c00d3cd8094f4c6f5e509d00a228ab"}
,"C:\\Users\\deepthi\\Desktop\\Back country\\bc-cms-rewrite-react\\src\\logos\\BackCountry-logo.svg": {"path":"C:\\Users\\deepthi\\Desktop\\Back country\\bc-cms-rewrite-react\\src\\logos\\BackCountry-logo.svg","statementMap":{"0":{"start":{"line":1,"column":0},"end":{"line":1,"column":40}}},"fnMap":{},"branchMap":{},"s":{"0":1},"f":{},"b":{},"_coverageSchema":"1a1c01bbd47fc00a2c39e90264f33305004495a9","hash":"1f21f4a9bcfce7a2bbb1252e69b413a04917ab9a"}
,"C:\\Users\\deepthi\\Desktop\\Back country\\bc-cms-rewrite-react\\src\\logos\\Completed.svg": {"path":"C:\\Users\\deepthi\\Desktop\\Back country\\bc-cms-rewrite-react\\src\\logos\\Completed.svg","statementMap":{"0":{"start":{"line":1,"column":0},"end":{"line":1,"column":33}}},"fnMap":{},"branchMap":{},"s":{"0":2},"f":{},"b":{},"_coverageSchema":"1a1c01bbd47fc00a2c39e90264f33305004495a9","hash":"f39391f500be4cc2c7f6ea88da8c8c05f2c097ae"}
,"C:\\Users\\deepthi\\Desktop\\Back country\\bc-cms-rewrite-react\\src\\logos\\InProgress.svg": {"path":"C:\\Users\\deepthi\\Desktop\\Back country\\bc-cms-rewrite-react\\src\\logos\\InProgress.svg","statementMap":{"0":{"start":{"line":1,"column":0},"end":{"line":1,"column":34}}},"fnMap":{},"branchMap":{},"s":{"0":2},"f":{},"b":{},"_coverageSchema":"1a1c01bbd47fc00a2c39e90264f33305004495a9","hash":"0331729158f3820f92a0fabac251d72eeba65a0e"}
,"C:\\Users\\deepthi\\Desktop\\Back country\\bc-cms-rewrite-react\\src\\logos\\NavBarSwitchingIcon.svg": {"path":"C:\\Users\\deepthi\\Desktop\\Back country\\bc-cms-rewrite-react\\src\\logos\\NavBarSwitchingIcon.svg","statementMap":{"0":{"start":{"line":1,"column":0},"end":{"line":1,"column":43}}},"fnMap":{},"branchMap":{},"s":{"0":1},"f":{},"b":{},"_coverageSchema":"1a1c01bbd47fc00a2c39e90264f33305004495a9","hash":"e585a5c712c04ed493bf7f9a89488ceff5fda9f3"}
,"C:\\Users\\deepthi\\Desktop\\Back country\\bc-cms-rewrite-react\\src\\logos\\UnAssigned.svg": {"path":"C:\\Users\\deepthi\\Desktop\\Back country\\bc-cms-rewrite-react\\src\\logos\\UnAssigned.svg","statementMap":{"0":{"start":{"line":1,"column":0},"end":{"line":1,"column":34}}},"fnMap":{},"branchMap":{},"s":{"0":2},"f":{},"b":{},"_coverageSchema":"1a1c01bbd47fc00a2c39e90264f33305004495a9","hash":"6aeb2a74b54a2a17a51bb2c9e7f61228be33508c"}
,"C:\\Users\\deepthi\\Desktop\\Back country\\bc-cms-rewrite-react\\src\\logos\\backcountry-logo-with-text.svg": {"path":"C:\\Users\\deepthi\\Desktop\\Back country\\bc-cms-rewrite-react\\src\\logos\\backcountry-logo-with-text.svg","statementMap":{"0":{"start":{"line":1,"column":0},"end":{"line":1,"column":50}}},"fnMap":{},"branchMap":{},"s":{"0":1},"f":{},"b":{},"_coverageSchema":"1a1c01bbd47fc00a2c39e90264f33305004495a9","hash":"9eab37d1f3a3f89855d717922d557ce2e56e6f16"}
}
