TN:
SF:src\App.jsx
FN:5,App
FN:19,(anonymous_1)
FNF:2
FNH:2
FNDA:3,App
FNDA:1,(anonymous_1)
DA:6,3
DA:7,3
DA:8,3
DA:19,1
LF:4
LH:4
BRF:0
BRH:0
end_of_record
TN:
SF:src\components\GlobalSearch.jsx
FN:2,GlobalSearch
FNF:1
FNH:1
FNDA:2,GlobalSearch
DA:3,2
LF:1
LH:1
BRF:0
BRH:0
end_of_record
TN:
SF:src\components\NavBar.jsx
FN:8,NavBar
FN:13,(anonymous_1)
FN:27,(anonymous_2)
FNF:3
FNH:2
FNDA:3,NavBar
FNDA:0,(anonymous_1)
FNDA:1,(anonymous_2)
DA:9,3
DA:10,3
DA:11,3
DA:12,3
DA:13,3
DA:14,0
DA:17,3
DA:27,1
LF:8
LH:7
BRDA:26,0,0,3
BRDA:26,0,1,3
BRDA:32,1,0,3
BRDA:32,1,1,3
BRDA:46,2,0,3
BRDA:46,2,1,0
BRF:6
BRH:5
end_of_record
TN:
SF:src\components\NormalizationDashboard.jsx
FN:7,NormalizationDashboard
FNF:1
FNH:1
FNDA:1,NormalizationDashboard
DA:8,1
LF:1
LH:1
BRF:0
BRH:0
end_of_record
TN:
SF:src\components\StatusBarsForNormalization.jsx
FN:7,StatusBarsForNormalization
FNF:1
FNH:1
FNDA:2,StatusBarsForNormalization
DA:8,2
LF:1
LH:1
BRF:0
BRH:0
end_of_record
TN:
SF:src\components\Table.jsx
FN:8,Table
FN:27,(anonymous_1)
FNF:2
FNH:1
FNDA:1,Table
FNDA:0,(anonymous_1)
DA:9,1
DA:16,1
DA:17,1
DA:27,1
DA:44,1
DA:52,1
LF:6
LH:6
BRF:0
BRH:0
end_of_record
TN:
SF:src\components\WriterDashBoardTabs.jsx
FN:5,WriterDashBoardTabs
FN:10,(anonymous_1)
FN:25,(anonymous_2)
FN:35,(anonymous_3)
FN:48,(anonymous_4)
FN:60,(anonymous_5)
FN:72,(anonymous_6)
FNF:7
FNH:6
FNDA:10,WriterDashBoardTabs
FNDA:3,(anonymous_1)
FNDA:5,(anonymous_2)
FNDA:0,(anonymous_3)
FNDA:1,(anonymous_4)
FNDA:1,(anonymous_5)
FNDA:1,(anonymous_6)
DA:6,10
DA:7,10
DA:8,10
DA:9,10
DA:10,10
DA:11,3
DA:12,0
DA:14,3
DA:15,0
DA:17,3
DA:18,0
DA:20,3
DA:21,0
DA:25,10
DA:26,5
DA:29,10
DA:35,0
DA:48,1
DA:60,1
DA:72,1
LF:20
LH:15
BRDA:11,0,0,0
BRDA:11,0,1,3
BRDA:14,1,0,0
BRDA:14,1,1,3
BRDA:17,2,0,0
BRDA:17,2,1,3
BRDA:20,3,0,0
BRDA:20,3,1,3
BRDA:32,4,0,10
BRDA:32,4,1,0
BRDA:37,5,0,0
BRDA:37,5,1,0
BRDA:50,6,0,0
BRDA:50,6,1,10
BRDA:62,7,0,0
BRDA:62,7,1,10
BRDA:74,8,0,0
BRDA:74,8,1,10
BRF:18
BRH:8
end_of_record
TN:
SF:src\components\menuChooser.jsx
FN:13,MenuChooser
FN:19,(anonymous_1)
FN:38,(anonymous_2)
FN:65,(anonymous_3)
FNF:4
FNH:2
FNDA:3,MenuChooser
FNDA:2,(anonymous_1)
FNDA:0,(anonymous_2)
FNDA:0,(anonymous_3)
DA:11,1
DA:14,3
DA:15,3
DA:16,3
DA:17,3
DA:19,3
DA:20,2
DA:21,2
DA:24,3
DA:38,0
DA:65,0
LF:11
LH:9
BRDA:29,0,0,3
BRDA:29,0,1,2
BRDA:29,0,2,2
BRDA:36,1,0,3
BRDA:36,1,1,2
BRDA:63,2,0,3
BRDA:63,2,1,2
BRF:7
BRH:7
end_of_record
TN:
SF:src\hooks\useSessionStorage.js
FN:3,(anonymous_0)
FN:4,(anonymous_1)
FN:22,(anonymous_2)
FNF:3
FNH:2
FNDA:13,(anonymous_0)
FNDA:7,(anonymous_1)
FNDA:0,(anonymous_2)
DA:3,5
DA:4,13
DA:5,7
DA:6,7
DA:8,7
DA:9,0
DA:11,7
DA:12,0
DA:13,0
DA:15,7
DA:18,0
DA:22,13
DA:23,0
DA:24,0
DA:26,0
DA:29,13
LF:16
LH:9
BRDA:8,0,0,0
BRDA:8,0,1,7
BRDA:11,1,0,0
BRDA:11,1,1,7
BRF:4
BRH:2
end_of_record
TN:
SF:src\logos\Assigned.svg
FNF:0
FNH:0
DA:1,2
LF:1
LH:1
BRF:0
BRH:0
end_of_record
TN:
SF:src\logos\BackCountry-logo.svg
FNF:0
FNH:0
DA:1,1
LF:1
LH:1
BRF:0
BRH:0
end_of_record
TN:
SF:src\logos\ChoosingApp-arrow.svg
FNF:0
FNH:0
DA:1,1
LF:1
LH:1
BRF:0
BRH:0
end_of_record
TN:
SF:src\logos\Completed.svg
FNF:0
FNH:0
DA:1,2
LF:1
LH:1
BRF:0
BRH:0
end_of_record
TN:
SF:src\logos\InProgress.svg
FNF:0
FNH:0
DA:1,2
LF:1
LH:1
BRF:0
BRH:0
end_of_record
TN:
SF:src\logos\NavBarSwitchingIcon.svg
FNF:0
FNH:0
DA:1,1
LF:1
LH:1
BRF:0
BRH:0
end_of_record
TN:
SF:src\logos\Normalization-img.svg
FNF:0
FNH:0
DA:1,1
LF:1
LH:1
BRF:0
BRH:0
end_of_record
TN:
SF:src\logos\SizingApp-img.svg
FNF:0
FNH:0
DA:1,1
LF:1
LH:1
BRF:0
BRH:0
end_of_record
TN:
SF:src\logos\UnAssigned.svg
FNF:0
FNH:0
DA:1,2
LF:1
LH:1
BRF:0
BRH:0
end_of_record
TN:
SF:src\logos\backcountry-logo-with-text.svg
FNF:0
FNH:0
DA:1,1
LF:1
LH:1
BRF:0
BRH:0
end_of_record
