TN:
SF:src\App.jsx
FN:5,App
FN:19,(anonymous_1)
FNF:2
FNH:2
FNDA:3,App
FNDA:1,(anonymous_1)
DA:6,3
DA:7,3
DA:8,3
DA:19,1
LF:4
LH:4
BRF:0
BRH:0
end_of_record
TN:
SF:src\components\GlobalSearch.jsx
FN:2,GlobalSearch
FNF:1
FNH:1
FNDA:2,GlobalSearch
DA:3,2
LF:1
LH:1
BRF:0
BRH:0
end_of_record
TN:
SF:src\components\NavBar.jsx
FN:8,NavBar
FN:13,(anonymous_1)
FN:27,(anonymous_2)
FNF:3
FNH:2
FNDA:3,NavBar
FNDA:0,(anonymous_1)
FNDA:1,(anonymous_2)
DA:9,3
DA:10,3
DA:11,3
DA:12,3
DA:13,3
DA:14,0
DA:17,3
DA:27,1
LF:8
LH:7
BRDA:26,0,0,3
BRDA:26,0,1,3
BRDA:32,1,0,3
BRDA:32,1,1,3
BRDA:46,2,0,3
BRDA:46,2,1,0
BRF:6
BRH:5
end_of_record
TN:
SF:src\components\NormalizationDashboard.jsx
FN:7,NormalizationDashboard
FNF:1
FNH:1
FNDA:2,NormalizationDashboard
DA:8,2
LF:1
LH:1
BRF:0
BRH:0
end_of_record
TN:
SF:src\components\StatusBarsForNormalization.jsx
FN:7,StatusBarsForNormalization
FNF:1
FNH:1
FNDA:2,StatusBarsForNormalization
DA:8,2
LF:1
LH:1
BRF:0
BRH:0
end_of_record
TN:
SF:src\components\Table.jsx
FN:8,Table
FN:27,(anonymous_1)
FNF:2
FNH:1
FNDA:1,Table
FNDA:0,(anonymous_1)
DA:9,1
DA:16,1
DA:17,1
DA:27,1
DA:44,1
DA:52,1
LF:6
LH:6
BRF:0
BRH:0
end_of_record
TN:
SF:src\components\WriterDashBoardTabs.jsx
FN:4,WriterDashBoardTabs
FN:7,(anonymous_1)
FN:23,(anonymous_2)
FN:27,(anonymous_3)
FN:31,(anonymous_4)
FN:35,(anonymous_5)
FNF:6
FNH:6
FNDA:8,WriterDashBoardTabs
FNDA:4,(anonymous_1)
FNDA:1,(anonymous_2)
FNDA:1,(anonymous_3)
FNDA:1,(anonymous_4)
FNDA:1,(anonymous_5)
DA:5,8
DA:7,6
DA:8,4
DA:9,0
DA:11,4
DA:12,0
DA:13,4
DA:14,0
DA:15,4
DA:16,0
DA:20,6
DA:23,1
DA:27,1
DA:31,1
DA:35,1
LF:15
LH:11
BRDA:8,0,0,0
BRDA:8,0,1,4
BRDA:11,1,0,0
BRDA:11,1,1,4
BRDA:13,2,0,0
BRDA:13,2,1,4
BRDA:15,3,0,0
BRDA:15,3,1,4
BRDA:23,4,0,6
BRDA:23,4,1,0
BRDA:27,5,0,0
BRDA:27,5,1,6
BRDA:31,6,0,0
BRDA:31,6,1,6
BRDA:35,7,0,0
BRDA:35,7,1,6
BRF:16
BRH:8
end_of_record
TN:
SF:src\components\menuChooser.jsx
FN:11,MenuChooser
FN:17,(anonymous_1)
FN:20,(anonymous_2)
FN:21,(anonymous_3)
FN:36,(anonymous_4)
FN:58,(anonymous_5)
FNF:6
FNH:4
FNDA:5,MenuChooser
FNDA:3,(anonymous_1)
FNDA:0,(anonymous_2)
FNDA:0,(anonymous_3)
FNDA:1,(anonymous_4)
FNDA:1,(anonymous_5)
DA:12,5
DA:13,5
DA:14,5
DA:15,5
DA:17,5
DA:18,3
DA:19,0
DA:20,0
DA:21,0
DA:22,0
DA:23,0
DA:29,5
DA:36,1
DA:58,1
LF:14
LH:9
BRDA:18,0,0,0
BRDA:18,0,1,3
BRDA:22,1,0,0
BRDA:22,1,1,0
BRF:4
BRH:1
end_of_record
